<?xml version="1.0" encoding="UTF-8"?>
<testng-results ignored="0" total="1" passed="1" failed="0" skipped="0">
  <reporter-output>
  </reporter-output>
  <suite started-at="2022-09-22T15:08:41 IST" name="Default suite" finished-at="2022-09-22T15:08:59 IST" duration-ms="18157">
    <groups>
    </groups>
    <test started-at="2022-09-22T15:08:41 IST" name="Default test" finished-at="2022-09-22T15:08:59 IST" duration-ms="18157">
      <class name="org.sdet40.genericUtility.AddResturantTestCaseTest">
        <test-method is-config="true" signature="classSetup()[pri:0, instance:org.sdet40.genericUtility.AddResturantTestCaseTest@27f981c6]" started-at="2022-09-22T15:08:41 IST" name="classSetup" finished-at="2022-09-22T15:08:43 IST" duration-ms="2598" status="PASS">
          <reporter-output>
          </reporter-output>
        </test-method> <!-- classSetup -->
        <test-method is-config="true" signature="methodSetUp1()[pri:0, instance:org.sdet40.genericUtility.AddResturantTestCaseTest@27f981c6]" started-at="2022-09-22T15:08:43 IST" name="methodSetUp1" finished-at="2022-09-22T15:08:43 IST" duration-ms="340" status="PASS">
          <reporter-output>
          </reporter-output>
        </test-method> <!-- methodSetUp1 -->
        <test-method signature="AddResturantTest()[pri:0, instance:org.sdet40.genericUtility.AddResturantTestCaseTest@27f981c6]" started-at="2022-09-22T15:08:43 IST" name="AddResturantTest" finished-at="2022-09-22T15:08:58 IST" duration-ms="14900" status="PASS">
          <reporter-output>
          </reporter-output>
        </test-method> <!-- AddResturantTest -->
        <test-method is-config="true" signature="methodSetUp2()[pri:0, instance:org.sdet40.genericUtility.AddResturantTestCaseTest@27f981c6]" started-at="2022-09-22T15:08:58 IST" name="methodSetUp2" finished-at="2022-09-22T15:08:58 IST" duration-ms="94" status="PASS">
          <reporter-output>
          </reporter-output>
        </test-method> <!-- methodSetUp2 -->
        <test-method is-config="true" signature="classTearDown()[pri:0, instance:org.sdet40.genericUtility.AddResturantTestCaseTest@27f981c6]" started-at="2022-09-22T15:08:58 IST" name="classTearDown" finished-at="2022-09-22T15:08:59 IST" duration-ms="188" status="PASS">
          <reporter-output>
          </reporter-output>
        </test-method> <!-- classTearDown -->
      </class> <!-- org.sdet40.genericUtility.AddResturantTestCaseTest -->
    </test> <!-- Default test -->
  </suite> <!-- Default suite -->
</testng-results>
